[debug] [2025-12-02T02:05:58.800Z] ----------------------------------------------------------------------
[debug] [2025-12-02T02:05:58.802Z] Command:       /Users/elton/.nvm/versions/node/v22.18.0/bin/node /Users/elton/.nvm/versions/node/v22.18.0/bin/firebase deploy --only functions:exchangeGoogleCode
[debug] [2025-12-02T02:05:58.802Z] CLI Version:   14.19.1
[debug] [2025-12-02T02:05:58.802Z] Platform:      darwin
[debug] [2025-12-02T02:05:58.802Z] Node Version:  v22.18.0
[debug] [2025-12-02T02:05:58.802Z] Time:          Tue Dec 02 2025 11:05:58 GMT+0900 (Japan Standard Time)
[debug] [2025-12-02T02:05:58.802Z] ----------------------------------------------------------------------
[debug] 
[debug] [2025-12-02T02:05:58.876Z] > command requires scopes: ["email","openid","https://www.googleapis.com/auth/cloudplatformprojects.readonly","https://www.googleapis.com/auth/firebase","https://www.googleapis.com/auth/cloud-platform"]
[debug] [2025-12-02T02:05:58.876Z] > authorizing via signed-in user (eltonlin1998@gmail.com)
[debug] [2025-12-02T02:05:58.876Z] [iam] checking project project-y-2a061 for permissions ["cloudfunctions.functions.create","cloudfunctions.functions.delete","cloudfunctions.functions.get","cloudfunctions.functions.list","cloudfunctions.functions.update","cloudfunctions.operations.get","firebase.projects.get"]
[debug] [2025-12-02T02:05:58.877Z] Checked if tokens are valid: true, expires at: 1764642965619
[debug] [2025-12-02T02:05:58.877Z] Checked if tokens are valid: true, expires at: 1764642965619
[debug] [2025-12-02T02:05:58.877Z] >>> [apiv2][query] POST https://cloudresourcemanager.googleapis.com/v1/projects/project-y-2a061:testIamPermissions [none]
[debug] [2025-12-02T02:05:58.877Z] >>> [apiv2][(partial)header] POST https://cloudresourcemanager.googleapis.com/v1/projects/project-y-2a061:testIamPermissions x-goog-quota-user=projects/project-y-2a061
[debug] [2025-12-02T02:05:58.877Z] >>> [apiv2][body] POST https://cloudresourcemanager.googleapis.com/v1/projects/project-y-2a061:testIamPermissions {"permissions":["cloudfunctions.functions.create","cloudfunctions.functions.delete","cloudfunctions.functions.get","cloudfunctions.functions.list","cloudfunctions.functions.update","cloudfunctions.operations.get","firebase.projects.get"]}
[debug] [2025-12-02T02:05:59.557Z] <<< [apiv2][status] POST https://cloudresourcemanager.googleapis.com/v1/projects/project-y-2a061:testIamPermissions 200
[debug] [2025-12-02T02:05:59.558Z] <<< [apiv2][body] POST https://cloudresourcemanager.googleapis.com/v1/projects/project-y-2a061:testIamPermissions {"permissions":["cloudfunctions.functions.create","cloudfunctions.functions.delete","cloudfunctions.functions.get","cloudfunctions.functions.list","cloudfunctions.functions.update","cloudfunctions.operations.get","firebase.projects.get"]}
[debug] [2025-12-02T02:05:59.558Z] Checked if tokens are valid: true, expires at: 1764642965619
[debug] [2025-12-02T02:05:59.558Z] Checked if tokens are valid: true, expires at: 1764642965619
[debug] [2025-12-02T02:05:59.558Z] >>> [apiv2][query] POST https://iam.googleapis.com/v1/projects/project-y-2a061/serviceAccounts/project-y-2a061@appspot.gserviceaccount.com:testIamPermissions [none]
[debug] [2025-12-02T02:05:59.558Z] >>> [apiv2][body] POST https://iam.googleapis.com/v1/projects/project-y-2a061/serviceAccounts/project-y-2a061@appspot.gserviceaccount.com:testIamPermissions {"permissions":["iam.serviceAccounts.actAs"]}
[debug] [2025-12-02T02:06:00.443Z] <<< [apiv2][status] POST https://iam.googleapis.com/v1/projects/project-y-2a061/serviceAccounts/project-y-2a061@appspot.gserviceaccount.com:testIamPermissions 200
[debug] [2025-12-02T02:06:00.444Z] <<< [apiv2][body] POST https://iam.googleapis.com/v1/projects/project-y-2a061/serviceAccounts/project-y-2a061@appspot.gserviceaccount.com:testIamPermissions {"permissions":["iam.serviceAccounts.actAs"]}
[info] 
[info] === Deploying to 'project-y-2a061'...
[info] 
[info] i  deploying functions 
[debug] [2025-12-02T02:06:00.447Z] Checked if tokens are valid: true, expires at: 1764642965619
[debug] [2025-12-02T02:06:00.447Z] Checked if tokens are valid: true, expires at: 1764642965619
[debug] [2025-12-02T02:06:00.447Z] >>> [apiv2][query] GET https://cloudresourcemanager.googleapis.com/v1/projects/project-y-2a061 [none]
[debug] [2025-12-02T02:06:00.632Z] <<< [apiv2][status] GET https://cloudresourcemanager.googleapis.com/v1/projects/project-y-2a061 200
[debug] [2025-12-02T02:06:00.632Z] <<< [apiv2][body] GET https://cloudresourcemanager.googleapis.com/v1/projects/project-y-2a061 {"projectNumber":"132745397287","projectId":"project-y-2a061","lifecycleState":"ACTIVE","name":"actions-life","labels":{"firebase":"enabled"},"createTime":"2022-01-31T16:55:36.781Z"}
[info] i  functions: preparing codebase default for deployment 
[info] i  functions: ensuring required API cloudfunctions.googleapis.com is enabled... 
[info] i  functions: ensuring required API cloudbuild.googleapis.com is enabled... 
[info] i  artifactregistry: ensuring required API artifactregistry.googleapis.com is enabled... 
[debug] [2025-12-02T02:06:00.634Z] Checked if tokens are valid: true, expires at: 1764642965619
[debug] [2025-12-02T02:06:00.634Z] Checked if tokens are valid: true, expires at: 1764642965619
[debug] [2025-12-02T02:06:00.634Z] >>> [apiv2][query] GET https://firebase.googleapis.com/v1beta1/projects/project-y-2a061/adminSdkConfig [none]
[debug] [2025-12-02T02:06:01.713Z] <<< [apiv2][status] GET https://firebase.googleapis.com/v1beta1/projects/project-y-2a061/adminSdkConfig 200
[debug] [2025-12-02T02:06:01.713Z] <<< [apiv2][body] GET https://firebase.googleapis.com/v1beta1/projects/project-y-2a061/adminSdkConfig {"projectId":"project-y-2a061","storageBucket":"project-y-2a061.appspot.com","locationId":"us-central"}
[debug] [2025-12-02T02:06:01.713Z] Checked if tokens are valid: true, expires at: 1764642965619
[debug] [2025-12-02T02:06:01.713Z] Checked if tokens are valid: true, expires at: 1764642965619
[debug] [2025-12-02T02:06:01.713Z] >>> [apiv2][query] GET https://runtimeconfig.googleapis.com/v1beta1/projects/project-y-2a061/configs [none]
[debug] [2025-12-02T02:06:02.097Z] <<< [apiv2][status] GET https://runtimeconfig.googleapis.com/v1beta1/projects/project-y-2a061/configs 200
[debug] [2025-12-02T02:06:02.097Z] <<< [apiv2][body] GET https://runtimeconfig.googleapis.com/v1beta1/projects/project-y-2a061/configs {"configs":[{"name":"projects/project-y-2a061/configs/postmark"}]}
[debug] [2025-12-02T02:06:02.098Z] Checked if tokens are valid: true, expires at: 1764642965619
[debug] [2025-12-02T02:06:02.098Z] Checked if tokens are valid: true, expires at: 1764642965619
[debug] [2025-12-02T02:06:02.098Z] >>> [apiv2][query] GET https://runtimeconfig.googleapis.com/v1beta1/projects/project-y-2a061/configs/postmark/variables [none]
[debug] [2025-12-02T02:06:02.386Z] <<< [apiv2][status] GET https://runtimeconfig.googleapis.com/v1beta1/projects/project-y-2a061/configs/postmark/variables 200
[debug] [2025-12-02T02:06:02.386Z] <<< [apiv2][body] GET https://runtimeconfig.googleapis.com/v1beta1/projects/project-y-2a061/configs/postmark/variables {"variables":[{"name":"projects/project-y-2a061/configs/postmark/variables/apikey","updateTime":"2025-10-11T01:28:08.225583660Z"}]}
[debug] [2025-12-02T02:06:02.387Z] Checked if tokens are valid: true, expires at: 1764642965619
[debug] [2025-12-02T02:06:02.387Z] Checked if tokens are valid: true, expires at: 1764642965619
[debug] [2025-12-02T02:06:02.387Z] >>> [apiv2][query] GET https://runtimeconfig.googleapis.com/v1beta1/projects/project-y-2a061/configs/postmark/variables/apikey [none]
[debug] [2025-12-02T02:06:02.634Z] <<< [apiv2][status] GET https://runtimeconfig.googleapis.com/v1beta1/projects/project-y-2a061/configs/postmark/variables/apikey 200
[debug] [2025-12-02T02:06:02.634Z] <<< [apiv2][body] GET https://runtimeconfig.googleapis.com/v1beta1/projects/project-y-2a061/configs/postmark/variables/apikey {"name":"projects/project-y-2a061/configs/postmark/variables/apikey","updateTime":"2025-10-11T01:28:08.225583660Z","text":"e8c461b4-c49a-4881-bf8a-9b5b92f90cd6"}
[debug] [2025-12-02T02:06:02.638Z] Validating nodejs source
[warn] ⚠  functions: package.json indicates an outdated version of firebase-functions. Please upgrade using npm install --save firebase-functions@latest in your functions directory. 
[warn] ⚠  functions: Please note that there will be breaking changes when you upgrade. 
[debug] [2025-12-02T02:06:03.346Z] > [functions] package.json contents: {
  "name": "functions",
  "description": "Cloud Functions for Firebase",
  "scripts": {
    "lint": "eslint .",
    "serve": "firebase emulators:start --only functions",
    "shell": "firebase functions:shell",
    "start": "npm run shell",
    "deploy": "firebase deploy --only functions",
    "logs": "firebase functions:log"
  },
  "engines": {
    "node": "22"
  },
  "main": "index.js",
  "dependencies": {
    "cron-parser": "^4.9.0",
    "firebase-admin": "^12.4.0",
    "firebase-functions": "^6.5.0",
    "googleapis": "^166.0.0",
    "luxon": "^3.5.0",
    "postmark": "^4.0.5"
  },
  "devDependencies": {
    "eslint": "^8.57.0",
    "eslint-config-google": "^0.14.0",
    "eslint-config-prettier": "^9.1.0",
    "eslint-plugin-prettier": "^5.2.1",
    "firebase-functions-test": "^0.2.0",
    "prettier": "^3.4.2"
  },
  "private": true
}
[debug] [2025-12-02T02:06:03.346Z] Building nodejs source
[info] i  functions: Loading and analyzing source code for codebase default to determine what to deploy 
[debug] [2025-12-02T02:06:03.349Z] Could not find functions.yaml. Must use http discovery
[debug] [2025-12-02T02:06:03.354Z] Found firebase-functions binary at '/Users/elton/Desktop/Desktop - MacBook Pro (2)/actions.life/functions/node_modules/.bin/firebase-functions'
[info] Serving at port 8631

[debug] [2025-12-02T02:06:04.068Z] Got response from /__/functions.yaml {"endpoints":{"exchangeGoogleCode":{"availableMemoryMb":null,"timeoutSeconds":null,"minInstances":null,"maxInstances":null,"ingressSettings":null,"concurrency":null,"serviceAccountEmail":null,"vpc":null,"platform":"gcfv2","secretEnvironmentVariables":[{"key":"GOOGLE_CLIENT_SECRET"}],"labels":{},"callableTrigger":{},"entryPoint":"exchangeGoogleCode"},"sendEmail":{"availableMemoryMb":null,"timeoutSeconds":null,"minInstances":null,"maxInstances":null,"ingressSettings":null,"concurrency":null,"serviceAccountEmail":null,"vpc":null,"platform":"gcfv2","labels":{},"callableTrigger":{},"entryPoint":"sendEmail"},"notifications":{"availableMemoryMb":null,"timeoutSeconds":null,"minInstances":null,"maxInstances":null,"ingressSettings":null,"concurrency":null,"serviceAccountEmail":null,"vpc":null,"platform":"gcfv2","region":["asia-northeast1"],"labels":{},"scheduleTrigger":{"schedule":"* * * * *","retryConfig":{}},"entryPoint":"notifications"}},"specVersion":"v1alpha1","requiredAPIs":[{"api":"cloudscheduler.googleapis.com","reason":"Needed for scheduled functions."}],"extensions":{},"params":[{"name":"DATABASE_ID","type":"string","default":"(default)"},{"name":"POSTMARK_API_KEY","type":"string"},{"name":"GOOGLE_CLIENT_ID","type":"string"},{"type":"secret","name":"GOOGLE_CLIENT_SECRET"}]}
